<?xml version="1.0" encoding="UTF-8"?>
<robot generator="Robot 7.2 (Python 3.13.0 on win32)" generated="2025-02-12T13:53:22.253769" rpa="false" schemaversion="5">
<suite id="s1" name="Generated Test" source="C:\Users\GrantWang\Desktop\SSB\ssb_tool\data\robot\generated_test.robot">
<test id="s1-t1" name="HMI基本功能測試" line="11">
<kw name="Click Button" owner="HMILibrary">
<msg time="2025-02-12T13:53:22.371648" level="FAIL">Variable '${home_button}' not found.</msg>
<arg>button_id=${home_button}</arg>
<arg>delay=${0.5}</arg>
<doc>Simulate clicking a button on HMI.</doc>
<status status="FAIL" start="2025-02-12T13:53:22.371157" elapsed="0.000536">Variable '${home_button}' not found.</status>
</kw>
<kw name="Input Text" owner="HMILibrary">
<arg>field_id=${search_input}</arg>
<arg>text=${測試文字}</arg>
<arg>clear_first=${True}</arg>
<doc>Input text into a specified field.</doc>
<status status="NOT RUN" start="2025-02-12T13:53:22.372068" elapsed="0.000039"/>
</kw>
<kw name="Verify Display Value" owner="HMILibrary">
<arg>display_id=${status_display}</arg>
<arg>expected_value=${就緒}</arg>
<arg>timeout=${5}</arg>
<doc>Verify the value shown on a display element.</doc>
<status status="NOT RUN" start="2025-02-12T13:53:22.372372" elapsed="0.000019"/>
</kw>
<kw name="Select From Dropdown" owner="HMILibrary">
<arg>dropdown_id=${mode_selector}</arg>
<arg>option=${高級模式}</arg>
<doc>Select an option from a dropdown menu.</doc>
<status status="NOT RUN" start="2025-02-12T13:53:22.372595" elapsed="0.000020"/>
</kw>
<kw name="Check Element State" owner="HMILibrary">
<arg>element_id=${advanced_settings_button}</arg>
<arg>state=${enabled}</arg>
<doc>Check if an element is in the expected state.</doc>
<status status="NOT RUN" start="2025-02-12T13:53:22.372807" elapsed="0.000019"/>
</kw>
<doc>測試HMI的基本交互功能

Preconditions:
- 確保HMI系統已啟動
- 檢查所有顯示元件正常</doc>
<tag>required</tag>
<status status="FAIL" start="2025-02-12T13:53:22.369950" elapsed="0.003124">Variable '${home_button}' not found.</status>
</test>
<doc>Untitled</doc>
<status status="FAIL" start="2025-02-12T13:53:22.262138" elapsed="0.111848"/>
</suite>
<statistics>
<total>
<stat pass="0" fail="1" skip="0">All Tests</stat>
</total>
<tag>
<stat pass="0" fail="1" skip="0">required</stat>
</tag>
<suite>
<stat name="Generated Test" id="s1" pass="0" fail="1" skip="0">Generated Test</stat>
</suite>
</statistics>
<errors>
</errors>
</robot>
