<?xml version="1.0" encoding="UTF-8"?>
<robot generator="Robot 7.2 (Python 3.13.0 on win32)" generated="2025-02-18T17:18:19.125757" rpa="false" schemaversion="5">
<suite id="s1" name="Ssb Tool" source="C:\Users\GrantWang\Desktop\SSB\ssb_tool">
<suite id="s1-s1" name="Data" source="C:\Users\GrantWang\Desktop\SSB\ssb_tool\data">
<suite id="s1-s1-s1" name="Robot" source="C:\Users\GrantWang\Desktop\SSB\ssb_tool\data\robot">
<suite id="s1-s1-s1-s1" name="Generated Test" source="C:\Users\GrantWang\Desktop\SSB\ssb_tool\data\robot\generated_test.robot">
<test id="s1-s1-s1-s1-t1" name="Execute Keyword - send_can_message" line="10">
<kw name="Send Can Message" owner="Lib.BatteryLibrary">
<msg time="2025-02-18T17:18:19.834621" level="INFO">發送錯誤: USB 設備未連接
Error running coroutine: 發送錯誤: USB 設備未連接
發送錯誤: 發送錯誤: USB 設備未連接</msg>
<msg time="2025-02-18T17:18:19.847623" level="FAIL">發送錯誤: 發送錯誤: USB 設備未連接</msg>
<arg>can_id=401</arg>
<arg>payload=00 00</arg>
<arg>node=1</arg>
<arg>can_type=0</arg>
<doc>發送 CAN 訊息</doc>
<status status="FAIL" start="2025-02-18T17:18:19.823324" elapsed="0.041570">發送錯誤: 發送錯誤: USB 設備未連接</status>
</kw>
<doc>發送 CAN 訊息</doc>
<tag>auto-generated</tag>
<tag>optional</tag>
<status status="FAIL" start="2025-02-18T17:18:19.822401" elapsed="0.042876">發送錯誤: 發送錯誤: USB 設備未連接</status>
</test>
<test id="s1-s1-s1-s1-t2" name="Execute Keyword - send_can_message" line="15">
<kw name="Send Can Message" owner="Lib.BatteryLibrary">
<msg time="2025-02-18T17:18:19.866873" level="INFO">發送錯誤: USB 設備未連接
Error running coroutine: 發送錯誤: USB 設備未連接
發送錯誤: 發送錯誤: USB 設備未連接</msg>
<msg time="2025-02-18T17:18:19.866967" level="FAIL">發送錯誤: 發送錯誤: USB 設備未連接</msg>
<arg>can_id=401</arg>
<arg>payload=11 11 11 12</arg>
<arg>node=1</arg>
<arg>can_type=0</arg>
<doc>發送 CAN 訊息</doc>
<status status="FAIL" start="2025-02-18T17:18:19.866469" elapsed="0.003676">發送錯誤: 發送錯誤: USB 設備未連接</status>
</kw>
<doc>發送 CAN 訊息</doc>
<tag>auto-generated</tag>
<tag>optional</tag>
<status status="FAIL" start="2025-02-18T17:18:19.865635" elapsed="0.004813">發送錯誤: 發送錯誤: USB 設備未連接</status>
</test>
<test id="s1-s1-s1-s1-t3" name="Execute Keyword - send_can_message" line="20">
<kw name="Send Can Message" owner="Lib.BatteryLibrary">
<msg time="2025-02-18T17:18:19.871641" level="INFO">發送錯誤: USB 設備未連接
Error running coroutine: 發送錯誤: USB 設備未連接
發送錯誤: 發送錯誤: USB 設備未連接</msg>
<msg time="2025-02-18T17:18:19.871716" level="FAIL">發送錯誤: 發送錯誤: USB 設備未連接</msg>
<arg>can_id=401</arg>
<arg>payload=12 34</arg>
<arg>node=1</arg>
<arg>can_type=0</arg>
<doc>發送 CAN 訊息</doc>
<status status="FAIL" start="2025-02-18T17:18:19.871307" elapsed="0.003431">發送錯誤: 發送錯誤: USB 設備未連接</status>
</kw>
<doc>發送 CAN 訊息</doc>
<tag>auto-generated</tag>
<tag>optional</tag>
<status status="FAIL" start="2025-02-18T17:18:19.870773" elapsed="0.004224">發送錯誤: 發送錯誤: USB 設備未連接</status>
</test>
<test id="s1-s1-s1-s1-t4" name="Execute Keyword - send_can_message" line="25">
<kw name="Send Can Message" owner="Lib.BatteryLibrary">
<msg time="2025-02-18T17:18:19.876203" level="INFO">發送錯誤: USB 設備未連接
Error running coroutine: 發送錯誤: USB 設備未連接
發送錯誤: 發送錯誤: USB 設備未連接</msg>
<msg time="2025-02-18T17:18:19.876283" level="FAIL">發送錯誤: 發送錯誤: USB 設備未連接</msg>
<arg>can_id=401</arg>
<arg>payload=56 78</arg>
<arg>node=1</arg>
<arg>can_type=0</arg>
<doc>發送 CAN 訊息</doc>
<status status="FAIL" start="2025-02-18T17:18:19.875857" elapsed="0.003623">發送錯誤: 發送錯誤: USB 設備未連接</status>
</kw>
<doc>發送 CAN 訊息</doc>
<tag>auto-generated</tag>
<tag>optional</tag>
<status status="FAIL" start="2025-02-18T17:18:19.875311" elapsed="0.004453">發送錯誤: 發送錯誤: USB 設備未連接</status>
</test>
<test id="s1-s1-s1-s1-t5" name="Execute Keyword - send_can_message" line="30">
<kw name="Send Can Message" owner="Lib.BatteryLibrary">
<msg time="2025-02-18T17:18:19.881337" level="INFO">發送錯誤: USB 設備未連接
Error running coroutine: 發送錯誤: USB 設備未連接
發送錯誤: 發送錯誤: USB 設備未連接</msg>
<msg time="2025-02-18T17:18:19.881415" level="FAIL">發送錯誤: 發送錯誤: USB 設備未連接</msg>
<arg>can_id=401</arg>
<arg>payload=78 91</arg>
<arg>node=1</arg>
<arg>can_type=0</arg>
<doc>發送 CAN 訊息</doc>
<status status="FAIL" start="2025-02-18T17:18:19.880980" elapsed="0.003555">發送錯誤: 發送錯誤: USB 設備未連接</status>
</kw>
<doc>發送 CAN 訊息</doc>
<tag>auto-generated</tag>
<tag>optional</tag>
<status status="FAIL" start="2025-02-18T17:18:19.880074" elapsed="0.004767">發送錯誤: 發送錯誤: USB 設備未連接</status>
</test>
<doc>Untitled</doc>
<status status="FAIL" start="2025-02-18T17:18:19.207017" elapsed="0.678249"/>
</suite>
<status status="FAIL" start="2025-02-18T17:18:19.205785" elapsed="0.680307"/>
</suite>
<status status="FAIL" start="2025-02-18T17:18:19.204399" elapsed="0.682303"/>
</suite>
<status status="FAIL" start="2025-02-18T17:18:19.133755" elapsed="0.753518"/>
</suite>
<statistics>
<total>
<stat pass="0" fail="5" skip="0">All Tests</stat>
</total>
<tag>
<stat pass="0" fail="5" skip="0">auto-generated</stat>
<stat pass="0" fail="5" skip="0">optional</stat>
</tag>
<suite>
<stat name="Ssb Tool" id="s1" pass="0" fail="5" skip="0">Ssb Tool</stat>
<stat name="Data" id="s1-s1" pass="0" fail="5" skip="0">Ssb Tool.Data</stat>
<stat name="Robot" id="s1-s1-s1" pass="0" fail="5" skip="0">Ssb Tool.Data.Robot</stat>
<stat name="Generated Test" id="s1-s1-s1-s1" pass="0" fail="5" skip="0">Ssb Tool.Data.Robot.Generated Test</stat>
</suite>
</statistics>
<errors>
<msg time="2025-02-18T17:18:19.865772" level="WARN">Multiple tests with name 'Execute Keyword - send_can_message' executed in suite 'Ssb Tool.Data.Robot.Generated Test'.</msg>
<msg time="2025-02-18T17:18:19.870841" level="WARN">Multiple tests with name 'Execute Keyword - send_can_message' executed in suite 'Ssb Tool.Data.Robot.Generated Test'.</msg>
<msg time="2025-02-18T17:18:19.875373" level="WARN">Multiple tests with name 'Execute Keyword - send_can_message' executed in suite 'Ssb Tool.Data.Robot.Generated Test'.</msg>
<msg time="2025-02-18T17:18:19.880135" level="WARN">Multiple tests with name 'Execute Keyword - send_can_message' executed in suite 'Ssb Tool.Data.Robot.Generated Test'.</msg>
</errors>
</robot>
