<?xml version="1.0" encoding="UTF-8"?>
<robot generator="Robot 7.2 (Python 3.13.0 on win32)" generated="2025-02-27T12:03:14.398458" rpa="false" schemaversion="5">
<suite id="s1" name="Generated Test" source="C:\Users\GrantWang\Desktop\SSB\ssb_tool\data\robot\generated_test.robot">
<test id="s1-t1" name="Execute Keyword - delay [id]2363243361920" line="10">
<kw name="Delay" owner="Lib.CommonLibrary">
<kw name="Sleep" owner="BuiltIn">
<msg time="2025-02-27T12:03:17.416974" level="INFO">Slept 3 seconds.</msg>
<msg time="2025-02-27T12:03:17.417092" level="INFO">Running Test Case: Execute Keyword - delay [id]2363243361920
Running Keyword: Lib.CommonLibrary.Delay
Running Keyword: BuiltIn.Sleep</msg>
<arg>3.0</arg>
<doc>Pauses the test executed for the given time.</doc>
<status status="PASS" start="2025-02-27T12:03:14.416694" elapsed="3.000451"/>
</kw>
<arg>seconds=3</arg>
<arg>reason=None</arg>
<doc>暫停執行指定的秒數</doc>
<status status="PASS" start="2025-02-27T12:03:14.416456" elapsed="3.000863"/>
</kw>
<doc>暫停執行指定的秒數 參數: seconds: 暫停的秒數，可以是整數或浮點數 reason: 可選參數，記錄暫停原因</doc>
<tag>auto-generated</tag>
<tag>optional</tag>
<status status="PASS" start="2025-02-27T12:03:14.415912" elapsed="3.001569"/>
</test>
<test id="s1-t2" name="Execute Keyword - send_can_message [id]2363243236928" line="15">
<kw name="Send Can Message" owner="Lib.CommonLibrary">
<msg time="2025-02-27T12:03:17.419415" level="DEBUG">Sent 25 bytes: FF FF 2A B5 92 45 01 00 00 04 00 00 01 50 00 00 00 00 00 00 00 16 4B B4 07</msg>
<msg time="2025-02-27T12:03:27.420597" level="INFO">發送訊息 - CAN ID: 0x400, Node: 1, Type: 0, Payload: 50
Test Case Execute Keyword - delay [id]2363243361920 End
Result: PASS
Log: 
==================================================================
Running Test Case: Execute Keyword - send_can_message [id]2363243236928
Running Keyword: Lib.CommonLibrary.Send Can Message</msg>
<arg>can_id=400</arg>
<arg>payload=50</arg>
<arg>node=1</arg>
<arg>can_type=0</arg>
<doc>發送 CAN 訊息</doc>
<status status="PASS" start="2025-02-27T12:03:17.418137" elapsed="10.002577"/>
</kw>
<doc>發送 CAN 訊息</doc>
<tag>auto-generated</tag>
<tag>optional</tag>
<status status="PASS" start="2025-02-27T12:03:17.417711" elapsed="10.003252"/>
</test>
<test id="s1-t3" name="Execute Keyword - delay [id]2363231715520" line="20">
<kw name="Delay" owner="Lib.CommonLibrary">
<kw name="Sleep" owner="BuiltIn">
<msg time="2025-02-27T12:03:31.423032" level="INFO">Slept 4 seconds.</msg>
<msg time="2025-02-27T12:03:31.423258" level="INFO">Test Case Execute Keyword - send_can_message [id]2363243236928 End
Result: PASS
Log: 
==================================================================
Running Test Case: Execute Keyword - delay [id]2363231715520
Running Keyword: Lib.CommonLibrary.Delay
Running Keyword: BuiltIn.Sleep</msg>
<arg>4.0</arg>
<doc>Pauses the test executed for the given time.</doc>
<status status="PASS" start="2025-02-27T12:03:27.421858" elapsed="4.001540"/>
</kw>
<arg>seconds=4</arg>
<arg>reason=None</arg>
<doc>暫停執行指定的秒數</doc>
<status status="PASS" start="2025-02-27T12:03:27.421543" elapsed="4.002232"/>
</kw>
<doc>暫停執行指定的秒數 參數: seconds: 暫停的秒數，可以是整數或浮點數 reason: 可選參數，記錄暫停原因</doc>
<tag>auto-generated</tag>
<tag>optional</tag>
<status status="PASS" start="2025-02-27T12:03:27.421103" elapsed="4.003048"/>
</test>
<doc>Untitled</doc>
<status status="PASS" start="2025-02-27T12:03:14.399232" elapsed="17.025438"/>
</suite>
<statistics>
<total>
<stat pass="3" fail="0" skip="0">All Tests</stat>
</total>
<tag>
<stat pass="3" fail="0" skip="0">auto-generated</stat>
<stat pass="3" fail="0" skip="0">optional</stat>
</tag>
<suite>
<stat name="Generated Test" id="s1" pass="3" fail="0" skip="0">Generated Test</stat>
</suite>
</statistics>
<errors>
</errors>
</robot>
